<?xml version="1.0" encoding="UTF-8"?>
<testng-results ignored="0" total="1" passed="1" failed="0" skipped="0">
  <reporter-output>
  </reporter-output>
  <suite started-at="2021-03-16T14:33:30 IST" name="Default suite" finished-at="2021-03-16T14:34:11 IST" duration-ms="40864">
    <groups>
      <group name="cucumber">
        <method signature="AbstractTestNGCucumberTests.runScenario(io.cucumber.testng.PickleWrapper, io.cucumber.testng.FeatureWrapper)[pri:0, instance:runner.runner01@47d90b9e]" name="runScenario" class="io.cucumber.testng.AbstractTestNGCucumberTests"/>
      </group> <!-- cucumber -->
    </groups>
    <test started-at="2021-03-16T14:33:30 IST" name="Default test" finished-at="2021-03-16T14:34:11 IST" duration-ms="40864">
      <class name="runner.runner01">
        <test-method is-config="true" signature="setUpClass()[pri:0, instance:runner.runner01@47d90b9e]" started-at="2021-03-16T14:33:30 IST" name="setUpClass" finished-at="2021-03-16T14:33:31 IST" duration-ms="529" status="PASS">
          <reporter-output>
          </reporter-output>
        </test-method> <!-- setUpClass -->
        <test-method signature="runScenario(io.cucumber.testng.PickleWrapper, io.cucumber.testng.FeatureWrapper)[pri:0, instance:runner.runner01@47d90b9e]" started-at="2021-03-16T14:33:31 IST" name="runScenario" description="Runs Cucumber Scenarios" data-provider="scenarios" finished-at="2021-03-16T14:34:11 IST" duration-ms="40120" status="PASS">
          <params>
            <param index="0">
              <value>
                <![CDATA["order booking test"]]>
              </value>
            </param>
            <param index="1">
              <value>
                <![CDATA["Optional[book_an_order]"]]>
              </value>
            </param>
          </params>
          <reporter-output>
          </reporter-output>
        </test-method> <!-- runScenario -->
        <test-method is-config="true" signature="tearDownClass()[pri:0, instance:runner.runner01@47d90b9e]" started-at="2021-03-16T14:34:11 IST" name="tearDownClass" finished-at="2021-03-16T14:34:11 IST" duration-ms="148" status="PASS">
          <reporter-output>
          </reporter-output>
        </test-method> <!-- tearDownClass -->
      </class> <!-- runner.runner01 -->
    </test> <!-- Default test -->
  </suite> <!-- Default suite -->
</testng-results>
